Start testing: May 31 14:14 CEST
----------------------------------------------------------
1/3 Testing: IceBRG_physics.IceBRG_physics_test
1/3 Test: IceBRG_physics.IceBRG_physics_test
Command: "/usr/bin/python" "/opt/euclid/Elements/3.10/InstallArea/x86_64-co7-gcc48-o2g/cmake/scripts/env.py" "--xml" "/home/user/git/she_sim_galaxy_generation/build.x86_64-co7-gcc48-o2g/SheSimBuildEnvironment.xml" "IceBRG_physics_test"
Directory: .
"IceBRG_physics.IceBRG_physics_test" start time: May 31 14:14 CEST
Output:
----------------------------------------------------------
Running 8 test cases...
Generating ./ang_di_d_cache.bin. This may take some time.
Finished generating ./ang_di_d_cache.bin!
Generating ./dfa_cache.bin. This may take some time.
Finished generating ./dfa_cache.bin!
Generating ./tfa_cache.bin. This may take some time.
Finished generating ./tfa_cache.bin!

*** No errors detected
<end of output>
Test time =   2.06 sec
----------------------------------------------------------
Test Passed.
"IceBRG_physics.IceBRG_physics_test" end time: May 31 14:14 CEST
"IceBRG_physics.IceBRG_physics_test" time elapsed: 00:00:02
----------------------------------------------------------

2/3 Testing: SHE_SIM.SHE_SIM_tests
2/3 Test: SHE_SIM.SHE_SIM_tests
Command: "/usr/bin/python" "/opt/euclid/Elements/3.10/InstallArea/x86_64-co7-gcc48-o2g/cmake/scripts/env.py" "--xml" "/home/user/git/she_sim_galaxy_generation/build.x86_64-co7-gcc48-o2g/SheSimBuildEnvironment.xml" "SHE_SIM_tests"
Directory: .
"SHE_SIM.SHE_SIM_tests" start time: May 31 14:14 CEST
Output:
----------------------------------------------------------
Running 20 test cases...

*** No errors detected
<end of output>
Test time =   0.68 sec
----------------------------------------------------------
Test Passed.
"SHE_SIM.SHE_SIM_tests" end time: May 31 14:14 CEST
"SHE_SIM.SHE_SIM_tests" time elapsed: 00:00:00
----------------------------------------------------------

3/3 Testing: SHE_SIM_galaxy_image_generation.PyTest
3/3 Test: SHE_SIM_galaxy_image_generation.PyTest
Command: "/usr/bin/python" "/opt/euclid/Elements/3.10/InstallArea/x86_64-co7-gcc48-o2g/cmake/scripts/env.py" "--xml" "/home/user/git/she_sim_galaxy_generation/build.x86_64-co7-gcc48-o2g/SheSimBuildEnvironment.xml" "/usr/bin/py.test" "/home/user/git/she_sim_galaxy_generation/SHE_SIM_galaxy_image_generation/tests/python/test_import.py"
Directory: .
"SHE_SIM_galaxy_image_generation.PyTest" start time: May 31 14:14 CEST
Output:
----------------------------------------------------------
============================= test session starts ==============================
platform linux2 -- Python 2.7.5 -- py-1.4.27 -- pytest-2.7.0
rootdir: /home/user/git/she_sim_galaxy_generation/SHE_SIM_galaxy_image_generation/tests/python, inifile: 
plugins: cov
collected 4 items

../SHE_SIM_galaxy_image_generation/tests/python/test_import.py ....

=========================== 4 passed in 0.50 seconds ===========================
<end of output>
Test time =   0.86 sec
----------------------------------------------------------
Test Passed.
"SHE_SIM_galaxy_image_generation.PyTest" end time: May 31 14:14 CEST
"SHE_SIM_galaxy_image_generation.PyTest" time elapsed: 00:00:00
----------------------------------------------------------

End testing: May 31 14:14 CEST

Binary =   2.74 sec

Boost =   2.74 sec

IceBRG_physics =   2.06 sec

PyTest =   0.86 sec

Python =   0.86 sec

SHE_SIM =   0.68 sec

SHE_SIM_galaxy_image_generation =   0.86 sec

UnitTest =   3.60 sec

